<?xml version="1.0" encoding="UTF-8"?>
<!-- Generated by org.testng.reporters.JUnitReportReporter -->
<testsuite hostname="TALAN-3VPPDDJ" failures="0" tests="1" name="test.NewTest" time="0.011" errors="0" timestamp="2022-08-08T15:24:38 GMT+01:00" skipped="0">
  <testcase classname="test.NewTest" name="gmailLogin" time="0.011"/>
  <system-out/>
</testsuite> <!-- test.NewTest -->
